<?xml version="1.0" encoding="UTF-8"?>
<testng-results ignored="0" total="1" passed="1" failed="0" skipped="0">
  <reporter-output>
  </reporter-output>
  <suite started-at="2024-03-22T00:38:42 IST" name="Default suite" finished-at="2024-03-22T00:39:07 IST" duration-ms="24319">
    <groups>
    </groups>
    <test started-at="2024-03-22T00:38:42 IST" name="Default test" finished-at="2024-03-22T00:39:07 IST" duration-ms="24319">
      <class name="com.automationexercise.test.VerifySubscriptionText">
        <test-method is-config="true" signature="setUp()[pri:0, instance:com.automationexercise.test.VerifySubscriptionText@4fb61f4a]" started-at="2024-03-22T00:38:42 IST" name="setUp" finished-at="2024-03-22T00:39:06 IST" duration-ms="23366" status="PASS">
          <reporter-output>
          </reporter-output>
        </test-method> <!-- setUp -->
        <test-method signature="VerifySubscriptionT()[pri:0, instance:com.automationexercise.test.VerifySubscriptionText@4fb61f4a]" started-at="2024-03-22T00:39:06 IST" name="VerifySubscriptionT" finished-at="2024-03-22T00:39:06 IST" duration-ms="215" status="PASS">
          <reporter-output>
          </reporter-output>
        </test-method> <!-- VerifySubscriptionT -->
        <test-method is-config="true" signature="tearDown()[pri:0, instance:com.automationexercise.test.VerifySubscriptionText@4fb61f4a]" started-at="2024-03-22T00:39:06 IST" name="tearDown" finished-at="2024-03-22T00:39:07 IST" duration-ms="715" status="PASS">
          <reporter-output>
          </reporter-output>
        </test-method> <!-- tearDown -->
      </class> <!-- com.automationexercise.test.VerifySubscriptionText -->
    </test> <!-- Default test -->
  </suite> <!-- Default suite -->
</testng-results>
